[debug] [2025-12-22T12:34:43.107Z] ----------------------------------------------------------------------
[debug] [2025-12-22T12:34:43.108Z] Command:       /usr/local/bin/node /Users/leon/.npm-global/bin/firebase init
[debug] [2025-12-22T12:34:43.108Z] CLI Version:   15.0.0
[debug] [2025-12-22T12:34:43.108Z] Platform:      darwin
[debug] [2025-12-22T12:34:43.108Z] Node Version:  v22.20.0
[debug] [2025-12-22T12:34:43.109Z] Time:          Mon Dec 22 2025 13:34:43 GMT+0100 (Central European Standard Time)
[debug] [2025-12-22T12:34:43.109Z] ----------------------------------------------------------------------
[debug] 
[debug] [2025-12-22T12:34:43.109Z] >>> [apiv2][query] GET https://firebase-public.firebaseio.com/cli.json [none]
[info] 
     ######## #### ########  ######## ########     ###     ######  ########
     ##        ##  ##     ## ##       ##     ##  ##   ##  ##       ##
     ######    ##  ########  ######   ########  #########  ######  ######
     ##        ##  ##    ##  ##       ##     ## ##     ##       ## ##
     ##       #### ##     ## ######## ########  ##     ##  ######  ########

You're about to initialize a Firebase project in this directory:

  /Users/leon/WebstormProjects/BookifyDB

[debug] [2025-12-22T12:34:44.094Z] <<< [apiv2][status] GET https://firebase-public.firebaseio.com/cli.json 200
[debug] [2025-12-22T12:34:44.094Z] <<< [apiv2][body] GET https://firebase-public.firebaseio.com/cli.json {"cloudBuildErrorAfter":1594252800000,"cloudBuildWarnAfter":1590019200000,"defaultNode10After":1594252800000,"minVersion":"3.0.5","node8DeploysDisabledAfter":1613390400000,"node8RuntimeDisabledAfter":1615809600000,"node8WarnAfter":1600128000000}
[info] 
=== Project Setup
[info] 
[info] First, let's associate this project directory with a Firebase project.
[info] You can create multiple project aliases by running firebase use --add, 
[info] 
[info] i  If you want to create a project in a Google Cloud organization or folder, please use "firebase projects:create" instead, and return to this command when you've created the project. 
[debug] [2025-12-22T12:34:58.622Z] > command requires scopes: ["email","openid","https://www.googleapis.com/auth/cloudplatformprojects.readonly","https://www.googleapis.com/auth/firebase","https://www.googleapis.com/auth/cloud-platform"]
[debug] [2025-12-22T12:34:58.623Z] > authorizing via signed-in user (leonhubercode2010@gmail.com)
[debug] [2025-12-22T12:35:07.486Z] Checked if tokens are valid: false, expires at: 1765493208143
[debug] [2025-12-22T12:35:07.486Z] Checked if tokens are valid: false, expires at: 1765493208143
[debug] [2025-12-22T12:35:07.486Z] > refreshing access token with scopes: []
[debug] [2025-12-22T12:35:07.487Z] >>> [apiv2][query] POST https://www.googleapis.com/oauth2/v3/token [none]
[debug] [2025-12-22T12:35:07.488Z] >>> [apiv2][body] POST https://www.googleapis.com/oauth2/v3/token [omitted]
[debug] [2025-12-22T12:35:07.634Z] <<< [apiv2][status] POST https://www.googleapis.com/oauth2/v3/token 200
[debug] [2025-12-22T12:35:07.634Z] <<< [apiv2][body] POST https://www.googleapis.com/oauth2/v3/token [omitted]
[debug] [2025-12-22T12:35:07.647Z] >>> [apiv2][query] POST https://firebase.googleapis.com/v1/projects:checkProjectId [none]
[debug] [2025-12-22T12:35:07.647Z] >>> [apiv2][body] POST https://firebase.googleapis.com/v1/projects:checkProjectId {"proposedId":"BookifyDB"}
[debug] [2025-12-22T12:35:08.100Z] <<< [apiv2][status] POST https://firebase.googleapis.com/v1/projects:checkProjectId 200
[debug] [2025-12-22T12:35:08.100Z] <<< [apiv2][body] POST https://firebase.googleapis.com/v1/projects:checkProjectId {"projectIdStatus":"PROJECT_ID_NOT_VALID","suggestedProjectId":"bookifydb-f9b86"}
[debug] [2025-12-22T12:35:15.637Z] Checked if tokens are valid: true, expires at: 1766410506634
[debug] [2025-12-22T12:35:15.638Z] Checked if tokens are valid: true, expires at: 1766410506634
[debug] [2025-12-22T12:35:15.639Z] >>> [apiv2][query] POST https://firebase.googleapis.com/v1/projects:checkProjectId [none]
[debug] [2025-12-22T12:35:15.639Z] >>> [apiv2][body] POST https://firebase.googleapis.com/v1/projects:checkProjectId {"proposedId":"BookifyDB"}
[debug] [2025-12-22T12:35:16.083Z] <<< [apiv2][status] POST https://firebase.googleapis.com/v1/projects:checkProjectId 200
[debug] [2025-12-22T12:35:16.083Z] <<< [apiv2][body] POST https://firebase.googleapis.com/v1/projects:checkProjectId {"projectIdStatus":"PROJECT_ID_NOT_VALID","suggestedProjectId":"bookifydb-e10d3"}
[debug] [2025-12-22T12:35:19.859Z] Checked if tokens are valid: true, expires at: 1766410506634
[debug] [2025-12-22T12:35:19.859Z] Checked if tokens are valid: true, expires at: 1766410506634
[debug] [2025-12-22T12:35:19.861Z] >>> [apiv2][query] POST https://firebase.googleapis.com/v1/projects:checkProjectId [none]
[debug] [2025-12-22T12:35:19.861Z] >>> [apiv2][body] POST https://firebase.googleapis.com/v1/projects:checkProjectId {"proposedId":"BookifyDB"}
[debug] [2025-12-22T12:35:20.290Z] <<< [apiv2][status] POST https://firebase.googleapis.com/v1/projects:checkProjectId 200
[debug] [2025-12-22T12:35:20.290Z] <<< [apiv2][body] POST https://firebase.googleapis.com/v1/projects:checkProjectId {"projectIdStatus":"PROJECT_ID_NOT_VALID","suggestedProjectId":"bookifydb-1809b"}
